[2026-03-24T08:37:20.397Z] INFO | Starting super admin verification | Meta: {"emailConfigured":false,"passwordConfigured":false,"email":"NOT_SET"}
[2026-03-24T08:37:20.397Z] WARN | No super admin credentials found in .env | Meta: {"emailConfigured":false,"passwordConfigured":false,"solution":"Set SUPER_ADMIN_EMAIL and SUPER_ADMIN_PASSWORD in .env"}
[2026-03-24T08:41:13.717Z] INFO | Starting super admin verification | Meta: {"emailConfigured":false,"passwordConfigured":false,"email":"NOT_SET"}
[2026-03-24T08:41:13.717Z] WARN | No super admin credentials found in .env | Meta: {"emailConfigured":false,"passwordConfigured":false,"solution":"Set SUPER_ADMIN_EMAIL and SUPER_ADMIN_PASSWORD in .env"}
[2026-03-24T08:45:36.723Z] INFO | Starting super admin verification | Meta: {"emailConfigured":false,"passwordConfigured":false,"email":"NOT_SET"}
[2026-03-24T08:45:36.724Z] WARN | No super admin credentials found in .env | Meta: {"emailConfigured":false,"passwordConfigured":false,"solution":"Set SUPER_ADMIN_EMAIL and SUPER_ADMIN_PASSWORD in .env"}
[2026-03-24T08:52:25.001Z] INFO | Starting super admin verification | Meta: {"emailConfigured":true,"passwordConfigured":true,"email":"gorak4u@gmail.com"}
[2026-03-24T08:52:28.392Z] INFO | Super admin password hashed successfully
[2026-03-24T08:52:28.392Z] INFO | Creating or updating super admin in SaaS User table
[2026-03-24T08:52:31.274Z] INFO | Super admin ready in SaaS User table | Meta: {"email":"gorak4u@gmail.com","id":"bfb4b496-4c1e-4c87-9c7c-fcfc54e2689f","role":"super_admin"}
[2026-03-24T08:52:32.433Z] INFO | Super admin ready in school_User table
[2026-03-24T08:52:32.433Z] INFO | Super admin initialization complete
[2026-03-24T09:05:30.594Z] INFO | Starting super admin verification | Meta: {"emailConfigured":true,"passwordConfigured":true,"email":"gorak4u@gmail.com"}
[2026-03-24T09:05:30.822Z] INFO | Super admin password hashed successfully
[2026-03-24T09:05:30.822Z] INFO | Creating or updating super admin in SaaS User table
[2026-03-24T09:05:32.170Z] INFO | Super admin ready in SaaS User table | Meta: {"email":"gorak4u@gmail.com","id":"bfb4b496-4c1e-4c87-9c7c-fcfc54e2689f","role":"super_admin"}
[2026-03-24T09:05:33.202Z] INFO | Super admin ready in school_User table
[2026-03-24T09:05:33.202Z] INFO | Super admin initialization complete
[2026-03-24T14:40:51.289Z] INFO | Starting super admin verification | Meta: {"emailConfigured":true,"passwordConfigured":true,"email":"gorak4u@gmail.com"}
[2026-03-24T14:40:51.531Z] INFO | Super admin password hashed successfully
[2026-03-24T14:40:51.531Z] INFO | Creating or updating super admin in SaaS User table
[2026-03-24T14:40:51.994Z] INFO | Super admin ready in SaaS User table | Meta: {"email":"gorak4u@gmail.com","id":"7aedf4b5-ad40-424e-b797-d0d18c4f445e","role":"super_admin"}
[2026-03-24T14:40:52.359Z] INFO | Super admin ready in school_User table
[2026-03-24T14:40:52.359Z] INFO | Super admin initialization complete
[2026-03-24T14:40:58.743Z] INFO | Starting super admin verification | Meta: {"emailConfigured":true,"passwordConfigured":true,"email":"gorak4u@gmail.com"}
[2026-03-24T14:40:58.974Z] INFO | Super admin password hashed successfully
[2026-03-24T14:40:58.974Z] INFO | Creating or updating super admin in SaaS User table
[2026-03-24T14:41:00.102Z] INFO | Super admin ready in SaaS User table | Meta: {"email":"gorak4u@gmail.com","id":"7aedf4b5-ad40-424e-b797-d0d18c4f445e","role":"super_admin"}
[2026-03-24T14:41:01.122Z] INFO | Super admin ready in school_User table
[2026-03-24T14:41:01.122Z] INFO | Super admin initialization complete
[2026-03-24T14:41:29.890Z] INFO | Starting super admin verification | Meta: {"emailConfigured":true,"passwordConfigured":true,"email":"gorak4u@gmail.com"}
[2026-03-24T14:41:30.128Z] INFO | Super admin password hashed successfully
[2026-03-24T14:41:30.128Z] INFO | Creating or updating super admin in SaaS User table
[2026-03-24T14:41:31.371Z] INFO | Super admin ready in SaaS User table | Meta: {"email":"gorak4u@gmail.com","id":"7aedf4b5-ad40-424e-b797-d0d18c4f445e","role":"super_admin"}
[2026-03-24T14:41:32.368Z] INFO | Super admin ready in school_User table
[2026-03-24T14:41:32.368Z] INFO | Super admin initialization complete
[2026-03-24T14:57:23.957Z] INFO | Starting super admin verification | Meta: {"emailConfigured":true,"passwordConfigured":true,"email":"gorak4u@gmail.com"}
[2026-03-24T14:57:24.181Z] INFO | Super admin password hashed successfully
[2026-03-24T14:57:24.181Z] INFO | Creating or updating super admin in SaaS User table
[2026-03-24T14:57:25.427Z] INFO | Super admin ready in SaaS User table | Meta: {"email":"gorak4u@gmail.com","id":"7aedf4b5-ad40-424e-b797-d0d18c4f445e","role":"super_admin"}
[2026-03-24T14:57:25.839Z] INFO | Super admin ready in school_User table
[2026-03-24T14:57:25.839Z] INFO | Super admin initialization complete
[2026-03-24T14:58:40.350Z] INFO | Starting super admin verification | Meta: {"emailConfigured":true,"passwordConfigured":true,"email":"gorak4u@gmail.com"}
[2026-03-24T14:58:40.568Z] INFO | Super admin password hashed successfully
[2026-03-24T14:58:40.568Z] INFO | Creating or updating super admin in SaaS User table
[2026-03-24T14:58:41.068Z] INFO | Super admin ready in SaaS User table | Meta: {"email":"gorak4u@gmail.com","id":"7aedf4b5-ad40-424e-b797-d0d18c4f445e","role":"super_admin"}
[2026-03-24T14:58:41.581Z] INFO | Super admin ready in school_User table
[2026-03-24T14:58:41.581Z] INFO | Super admin initialization complete
[2026-03-24T14:59:08.578Z] INFO | Starting super admin verification | Meta: {"emailConfigured":true,"passwordConfigured":true,"email":"gorak4u@gmail.com"}
[2026-03-24T14:59:08.794Z] INFO | Super admin password hashed successfully
[2026-03-24T14:59:08.795Z] INFO | Creating or updating super admin in SaaS User table
[2026-03-24T14:59:09.270Z] INFO | Super admin ready in SaaS User table | Meta: {"email":"gorak4u@gmail.com","id":"7aedf4b5-ad40-424e-b797-d0d18c4f445e","role":"super_admin"}
[2026-03-24T14:59:09.673Z] INFO | Super admin ready in school_User table
[2026-03-24T14:59:09.674Z] INFO | Super admin initialization complete
[2026-03-24T16:40:20.724Z] INFO | Starting super admin verification | Meta: {"emailConfigured":true,"passwordConfigured":true,"email":"gorak4u@gmail.com"}
[2026-03-24T16:40:21.005Z] INFO | Super admin password hashed successfully
[2026-03-24T16:40:21.005Z] INFO | Creating or updating super admin in SaaS User table
[2026-03-24T16:40:22.162Z] INFO | Super admin ready in SaaS User table | Meta: {"email":"gorak4u@gmail.com","id":"7aedf4b5-ad40-424e-b797-d0d18c4f445e","role":"super_admin"}
[2026-03-24T16:40:23.290Z] INFO | Super admin ready in school_User table
[2026-03-24T16:40:23.291Z] INFO | Super admin initialization complete
[2026-03-24T16:50:00.973Z] INFO | Email notifications setting not found, defaulting to enabled | Meta: {}
[2026-03-24T16:50:01.293Z] INFO | Email notifications setting not found, defaulting to enabled | Meta: {}
[2026-03-24T19:15:09.944Z] INFO | Starting super admin verification | Meta: {"emailConfigured":true,"passwordConfigured":true,"email":"gorak4u@gmail.com"}
[2026-03-24T19:15:10.416Z] INFO | Super admin password hashed successfully
[2026-03-24T19:15:10.416Z] INFO | Creating or updating super admin in SaaS User table
[2026-03-24T19:15:11.644Z] INFO | Super admin ready in SaaS User table | Meta: {"email":"gorak4u@gmail.com","id":"7aedf4b5-ad40-424e-b797-d0d18c4f445e","role":"super_admin"}
[2026-03-24T19:15:12.032Z] INFO | Super admin ready in school_User table
[2026-03-24T19:15:12.032Z] INFO | Super admin initialization complete
[2026-03-24T19:16:36.876Z] INFO | Starting super admin verification | Meta: {"emailConfigured":true,"passwordConfigured":true,"email":"gorak4u@gmail.com"}
[2026-03-24T19:16:37.529Z] INFO | Super admin password hashed successfully
[2026-03-24T19:16:37.529Z] INFO | Creating or updating super admin in SaaS User table
[2026-03-24T19:16:39.047Z] INFO | Super admin ready in SaaS User table | Meta: {"email":"gorak4u@gmail.com","id":"7aedf4b5-ad40-424e-b797-d0d18c4f445e","role":"super_admin"}
[2026-03-24T19:16:40.201Z] INFO | Super admin ready in school_User table
[2026-03-24T19:16:40.201Z] INFO | Super admin initialization complete
